<?xml version="1.0" encoding="UTF-8"?>
<testsuites>
  <testsuite name="Caffeinated Test Suite" tests="9" assertions="14" failures="0" errors="1" time="1.857523">
    <testsuite name="Caffeinated\Tests\Bonsai\AssetGroupTest" file="/home/radic/workspace/workbench/caffeinated/bonsai/tests/AssetGroupTest.php" tests="3" assertions="9" failures="0" errors="0" time="0.793045">
      <testcase name="testAddsAndGetsAssets" class="Caffeinated\Tests\Bonsai\AssetGroupTest" file="/home/radic/workspace/workbench/caffeinated/bonsai/tests/AssetGroupTest.php" line="65" assertions="7" time="0.457354"/>
      <testcase name="testCreatesAssetGroup" class="Caffeinated\Tests\Bonsai\AssetGroupTest" file="/home/radic/workspace/workbench/caffeinated/bonsai/tests/AssetGroupTest.php" line="78" assertions="1" time="0.167719"/>
      <testcase name="testMeOk" class="Caffeinated\Tests\Bonsai\AssetGroupTest" file="/home/radic/workspace/workbench/caffeinated/bonsai/tests/AssetGroupTest.php" line="20" assertions="1" time="0.167972"/>
    </testsuite>
    <testsuite name="Caffeinated\Tests\Bonsai\BeverageServiceProviderTest" file="/home/radic/workspace/workbench/caffeinated/bonsai/tests/BonsaiServiceProviderTest.php" tests="4" assertions="3" failures="0" errors="0" time="0.648398">
      <testcase name="testConfigFiles" class="Caffeinated\Tests\Bonsai\BeverageServiceProviderTest" file="/home/radic/workspace/workbench/caffeinated/bonsai/tests/BonsaiServiceProviderTest.php" line="23" assertions="0" time="0.161097"/>
      <testcase name="testMeOk" class="Caffeinated\Tests\Bonsai\BeverageServiceProviderTest" file="/home/radic/workspace/workbench/caffeinated/bonsai/tests/BonsaiServiceProviderTest.php" line="20" assertions="1" time="0.160777"/>
      <testcase name="testIsAServiceProvider" class="Caffeinated\Tests\Bonsai\BeverageServiceProviderTest" file="/home/radic/workspace/workbench/caffeinated/bonsai/tests/BonsaiServiceProviderTest.php" line="31" assertions="1" time="0.161967"/>
      <testcase name="testProvides" class="Caffeinated\Tests\Bonsai\BeverageServiceProviderTest" file="/home/radic/workspace/workbench/caffeinated/bonsai/tests/BonsaiServiceProviderTest.php" line="44" assertions="1" time="0.164557"/>
    </testsuite>
    <testsuite name="Caffeinated\Tests\Bonsai\FactoryTest" file="/home/radic/workspace/workbench/caffeinated/bonsai/tests/FactoryTest.php" tests="2" assertions="2" failures="0" errors="1" time="0.416080">
      <testcase name="testSomething" class="Caffeinated\Tests\Bonsai\FactoryTest" file="/home/radic/workspace/workbench/caffeinated/bonsai/tests/FactoryTest.php" line="24" assertions="1" time="0.250793">
        <error type="PHPUnit_Framework_ExceptionWrapper">Caffeinated\Tests\Bonsai\FactoryTest::testSomething
ReflectionException: Class caffeinated.themes does not exist

/home/radic/workspace/vendor/laravel/framework/src/Illuminate/Container/Container.php:736
/home/radic/workspace/vendor/laravel/framework/src/Illuminate/Container/Container.php:626
/home/radic/workspace/vendor/laravel/framework/src/Illuminate/Foundation/Application.php:674
/home/radic/workspace/workbench/caffeinated/bonsai/tests/FactoryTest.php:32
</error>
      </testcase>
      <testcase name="testMeOk" class="Caffeinated\Tests\Bonsai\FactoryTest" file="/home/radic/workspace/workbench/caffeinated/bonsai/tests/FactoryTest.php" line="20" assertions="1" time="0.165287"/>
    </testsuite>
  </testsuite>
</testsuites>
